<?xml version="1.0" encoding="UTF-8"?>
<!-- Generated by org.testng.reporters.JUnitReportReporter -->
<testsuite hostname="Mypc" name="testNG.BasicAnnotationsEg" tests="3" failures="0" timestamp="24 Mar 2017 05:46:18 GMT" time="0.057" errors="0">
  <testcase name="function2" time="0.013" classname="testNG.BasicAnnotationsEg"/>
  <testcase name="a" time="0.009" classname="testNG.BasicAnnotationsEg"/>
  <testcase name="function1" time="0.035" classname="testNG.BasicAnnotationsEg"/>
</testsuite> <!-- testNG.BasicAnnotationsEg -->
