<?xml version="1.0" encoding="UTF-8"?>
<!-- Generated by org.testng.reporters.JUnitReportReporter -->
<testsuite hostname="Mypc" name="testNG.PrimusBankLoginTC" tests="1" failures="0" timestamp="24 Mar 2017 05:59:25 GMT" time="7.073" errors="0">
  <testcase name="login" time="7.073" classname="testNG.PrimusBankLoginTC"/>
</testsuite> <!-- testNG.PrimusBankLoginTC -->
