<?xml version="1.0" encoding="UTF-8"?>
<!-- Generated by org.testng.reporters.JUnitReportReporter -->
<testsuite hostname="Mypc" name="testNG.EmpregTest" tests="3" failures="0" timestamp="28 Mar 2017 05:53:44 GMT" time="16.861" errors="0">
  <testcase name="org_Empreg" time="4.806" classname="testNG.EmpregTest"/>
  <testcase name="org_Empreg" time="6.173" classname="testNG.EmpregTest"/>
  <testcase name="org_Empreg" time="5.882" classname="testNG.EmpregTest"/>
</testsuite> <!-- testNG.EmpregTest -->
