<?xml version="1.0" encoding="UTF-8"?>
<!-- Generated by org.testng.reporters.JUnitReportReporter -->
<testsuite hostname="Mypc" name="pom.LoginTest" tests="1" failures="0" timestamp="3 Apr 2017 05:47:37 GMT" time="14.301" errors="0">
  <testcase name="tt" time="14.301" classname="pom.LoginTest"/>
</testsuite> <!-- pom.LoginTest -->
