<?xml version="1.0" encoding="UTF-8"?>
<!-- Generated by org.testng.reporters.JUnitReportReporter -->
<testsuite hostname="Mypc" name="testNG.UserRegTest" tests="1" failures="0" timestamp="28 Mar 2017 05:41:29 GMT" time="10.095" errors="0">
  <testcase name="org_userreg" time="10.095" classname="testNG.UserRegTest"/>
</testsuite> <!-- testNG.UserRegTest -->
